-34961      
52 264 23
81 264 -98
139 264 21
178 264 -90
208 264 25
310 264 -50
355 264 -52
385 264 -86
417 264 -86
467 264 -70
6 131 -25
176 131 -1
299 131 -85
312 131 33
346 131 -100
437 131 -76
447 131 -47
486 131 -21
5 368 29
55 368 -74
68 368 -38
191 368 -20
301 368 -30
429 368 -9
448 368 -69
11 373 -98
189 373 -78
193 373 -59
260 373 -74
299 373 -94
354 373 -45
486 373 -35
52 31 -53
166 31 -50
183 31 -78
242 31 -89
359 31 68
371 31 -92
481 31 -16
115 121 -38
162 121 -56
315 121 51
329 121 32
378 121 -73
392 121 -72
413 121 -48
120 499 -87
320 499 5
371 499 -91
430 499 -34
498 499 -19
6 292 -35
9 292 39
123 292 33
178 292 -55
262 292 -76
383 292 -94
410 292 -23
85 395 -42
163 395 -80
216 395 -53
226 395 22
344 395 -13
386 395 9
390 395 -84
465 395 4
493 395 -79
165 297 56
170 297 8
193 297 -5
242 297 -53
284 297 -69
354 297 -96
466 297 88
210 287 15
393 287 -60
412 287 -93
463 287 -9
490 287 43
13 322 -55
58 322 -41
142 322 -91
146 322 36
192 322 -33
198 322 19
208 322 -90
212 322 -35
301 322 -37
310 322 19
365 322 -26
394 322 35
15 13 25
398 13 -25
424 13 -63
449 13 -93
100 402 22
157 402 -9
195 402 -39
465 402 -68
0 448 -67
18 448 -30
32 448 24
254 448 55
277 448 31
390 448 24
407 448 -83
435 448 -88
479 181 -94
67 333 65
236 333 -40
290 333 -61
454 333 -70
492 333 -72
327 457 -61
360 457 -37
488 457 -83
19 352 -20
30 352 19
90 352 -84
171 352 -30
381 352 -42
409 352 79
129 44 12
205 44 -42
338 44 -48
428 44 -76
474 44 -41
59 195 -83
80 195 -35
98 195 -70
276 195 36
432 195 -50
32 435 8
114 435 -80
205 435 -7
219 435 -87
233 435 -75
242 435 0
328 435 -38
330 435 -63
375 435 7
84 443 -80
126 443 -98
144 443 3
262 443 -68
280 443 40
470 443 -30
476 443 42
16 92 -66
198 92 -81
267 92 58
349 92 -89
495 92 -28
96 17 -2
105 17 -89
179 17 -68
343 17 26
410 17 -44
465 17 6
90 147 -36
150 147 -63
383 147 68
462 147 -90
130 250 -74
385 250 -38
412 250 41
417 250 25
454 250 -79
466 250 -82
12 454 -68
26 454 53
138 454 47
168 454 -45
236 454 -97
347 454 15
423 454 -59
438 454 -85
1 278 -53
334 278 -48
353 278 44
397 278 -20
428 278 -66
430 278 -45
23 146 -42
77 146 -85
104 146 49
206 146 -45
236 146 -84
324 146 -98
390 146 -31
76 197 -38
371 197 16
393 197 -35
398 197 45
401 197 -40
441 197 14
498 197 70
48 411 67
208 411 -59
236 411 -88
267 411 -3
408 411 -66
413 411 -22
483 411 -99
4 413 -68
7 413 48
79 413 73
107 413 -44
118 413 -29
129 413 -58
286 413 -76
478 413 43
495 413 -75
97 348 55
110 348 -34
282 348 14
340 348 23
471 348 -75
5 401 -11
62 401 -11
140 401 -99
432 401 -30
463 401 56
15 52 -15
345 52 -38
372 52 14
449 52 -15
6 256 -88
14 256 36
36 256 75
50 256 -95
109 256 -54
208 256 -93
331 256 -66
344 256 45
412 256 -100
428 256 48
236 268 -83
427 268 -63
98 325 -75
116 325 24
125 325 20
137 325 -98
406 325 -84
442 325 -60
488 325 -78
38 42 -47
60 42 -52
64 42 -55
101 42 61
228 42 -65
299 42 69
343 42 -7
11 106 -97
89 106 3
220 106 28
388 106 -35
430 106 -94
494 106 -56
3 388 -18
57 388 25
101 388 -86
156 388 -33
226 388 -73
281 388 58
375 388 -71
7 289 -46
77 289 80
87 289 -19
94 289 -94
199 289 0
414 289 -62
5 153 60
68 153 -16
126 153 38
233 153 -34
117 171 -58
162 171 -85
177 171 -21
234 171 31
324 171 41
336 171 -34
412 171 -95
481 171 -69
315 169 59
354 169 -68
430 169 11
487 169 -95
170 269 -54
342 269 -2
346 269 -97
387 269 -40
409 269 -93
494 269 -50
12 346 -96
203 346 40
381 346 11
304 164 -80
396 164 -18
431 164 -67
462 164 30
18 245 46
88 245 -24
90 245 -63
255 245 -48
424 245 -100
488 245 -99
72 424 -28
134 424 -39
200 424 58
218 424 -9
290 424 -37
377 424 -70
409 424 99
460 424 59
234 459 -52
255 459 -17
321 459 17
342 459 -72
280 342 5
429 342 92
455 342 -82
112 370 -23
151 370 25
220 370 -84
281 370 45
293 370 -42
311 370 -95
341 370 4
461 370 -93
124 107 -78
159 107 -11
294 107 -55
487 107 -68
47 340 -95
299 340 3
308 340 -10
377 340 83
70 362 -98
85 362 -70
194 362 -25
232 362 12
397 362 -59
436 362 -42
491 362 -74
14 408 79
96 408 41
203 408 -67
209 408 -81
326 408 39
369 408 47
438 408 -93
494 408 26
85 220 -10
209 220 24
291 220 -49
314 220 34
389 220 -94
405 220 90
29 308 -27
101 308 -99
327 308 -98
335 308 65
484 308 97
118 421 -4
177 421 -98
194 421 -85
206 421 13
241 421 6
335 421 -57
446 421 1
468 421 -45
479 421 -34
18 83 -38
38 83 58
140 83 -76
223 83 -36
332 83 68
349 83 -57
405 83 31
40 78 -23
98 78 -80
207 78 -89
251 78 -45
21 178 41
114 178 62
149 178 40
272 178 41
301 178 -97
391 178 -75
43 9 -90
71 9 -55
128 9 -19
148 9 -67
295 9 14
304 9 -91
417 9 -57
126 174 -66
180 174 34
190 174 -90
201 174 -64
379 174 15
380 174 49
410 174 -87
483 174 -1
103 150 -21
155 150 -6
221 150 -90
311 150 -15
407 360 4
489 360 -86
144 249 49
173 249 -46
202 249 21
232 249 -17
242 249 40
247 249 -65
331 249 -69
385 249 -40
444 249 -15
111 154 -34
125 154 -99
143 154 29
145 154 -17
196 154 -79
470 154 -18
119 196 28
120 196 0
124 196 -70
237 196 -25
383 196 -78
389 196 -73
447 196 60
192 304 11
208 304 -12
429 304 -31
439 304 -76
440 304 -11
478 304 9
176 216 8
222 216 -38
293 216 -95
400 216 -3
407 216 59
436 216 -57
497 216 -10
95 486 -26
138 486 -78
189 486 1
303 486 49
477 486 -68
10 490 3
177 490 84
237 490 -5
294 490 -82
354 490 -71
386 490 -92
429 490 1
6 437 10
315 437 -36
469 437 -43
16 177 -21
105 177 -36
129 177 3
191 177 -42
243 177 -89
303 177 -17
367 177 -63
479 177 89
26 179 -87
109 179 -62
156 179 -66
185 179 -45
302 179 -46
468 179 39
247 128 -99
267 128 -59
404 128 -49
53 247 40
133 247 -14
251 247 -6
272 247 -15
296 247 20
347 247 14
359 247 -64
387 247 -51
416 247 36
38 65 -57
315 65 -62
432 65 -77
41 432 -48
46 432 21
253 432 -68
331 432 -90
336 432 11
366 432 -30
32 99 79
203 99 -93
316 99 53
387 99 -41
412 99 -92
442 99 -31
24 100 -98
98 100 -32
263 100 92
328 100 -28
407 100 -61
30 24 -56
79 24 -65
207 24 64
301 24 -95
306 24 -24
381 24 -81
118 262 -86
151 262 -99
214 262 -48
286 262 63
455 262 10
26 173 22
206 173 -89
375 173 -30
482 173 -18
25 15 -63
48 15 -78
59 15 15
159 15 13
200 15 20
253 15 4
374 15 -9
27 138 -94
79 138 -89
235 138 -53
241 138 -15
495 138 -67
22 79 -71
35 79 -84
85 79 -37
113 79 -54
167 79 51
314 79 -54
353 79 28
405 79 -68
473 79 48
58 183 -69
213 183 35
310 183 25
371 183 11
375 183 -52
452 183 -7
481 183 -67
119 58 -39
383 58 -70
444 58 -9
453 58 -37
46 295 80
74 295 -43
206 295 -22
253 295 -97
265 295 79
267 295 42
426 295 -37
473 295 -67
481 295 -72
43 491 -90
89 491 -49
124 491 -19
329 491 -37
380 491 19
25 375 -25
27 375 -89
114 375 -30
282 375 -81
350 375 90
355 375 -98
133 355 -60
144 355 81
193 355 19
213 355 -90
221 355 -66
423 355 -25
429 355 -31
1 400 -53
218 400 95
230 400 -29
248 400 -53
311 400 -15
398 400 -32
423 400 -77
436 400 -28
57 248 -79
274 248 -23
312 248 -84
335 248 -25
430 248 27
447 248 19
487 248 45
207 190 -59
288 190 -16
327 190 -19
349 190 -65
442 190 -90
460 190 25
124 11 -62
214 11 59
290 11 69
361 11 5
394 11 -36
489 11 -1
224 231 -5
260 231 -46
282 231 -68
392 231 -79
444 231 -10
498 231 -14
60 51 -28
286 51 -97
118 172 -99
263 172 83
276 172 82
318 172 -77
460 172 -37
259 185 -40
307 185 1
365 185 -61
458 185 16
483 185 74
88 365 -98
330 365 -100
336 365 41
463 365 -54
115 234 39
261 234 -16
270 234 37
40 361 -19
113 361 98
152 361 -71
284 361 -45
299 361 25
423 361 -11
101 422 -90
312 422 57
39 101 -96
417 101 -30
430 101 -98
175 430 -96
286 430 44
306 430 -81
433 430 -48
88 39 -51
167 39 -63
286 39 -12
493 39 -100
49 30 -62
326 30 -85
136 47 90
200 47 -37
113 335 -54
394 335 11
397 335 -28
229 385 -91
263 385 25
270 385 -33
332 385 46
353 385 19
165 18 -81
374 18 90
462 18 -96
21 165 11
74 165 27
302 165 19
230 404 -1
281 404 -61
8 246 -72
16 246 -64
162 246 29
232 246 53
314 246 -51
451 246 -26
460 246 36
112 271 -53
122 271 -55
162 271 75
326 271 72
412 271 -47
98 7 -99
111 7 -49
293 7 22
298 7 -39
354 7 -26
403 7 -48
229 273 -14
284 273 7
316 273 -14
0 229 24
60 229 -52
226 229 82
372 229 -95
472 229 -87
21 10 9
157 10 -49
224 10 -61
417 10 -94
423 10 -4
488 10 88
494 10 48
109 255 -19
118 255 -93
317 255 76
324 255 -49
449 255 36
34 243 8
252 243 -82
296 243 -45
471 243 99
96 426 -18
192 426 12
203 426 59
423 426 -67
26 113 -33
226 113 -90
293 113 70
317 113 -81
444 113 -26
463 113 -47
476 113 -98
20 423 -79
114 423 3
279 423 -85
343 423 -42
222 279 -53
252 279 -45
453 279 -54
54 26 -14
194 26 78
275 26 -53
306 26 78
311 26 7
350 26 9
461 26 -60
473 26 -66
90 202 -65
487 202 0
94 90 45
144 90 -27
242 90 -8
446 90 -53
139 469 -34
301 469 -98
460 469 -21
61 84 -94
89 84 -5
235 84 -19
291 84 -3
21 301 70
41 301 73
45 301 -20
442 301 -89
63 125 94
162 125 -74
267 125 -42
428 125 -73
433 125 -85
25 86 -76
57 86 74
170 86 41
497 86 -53
72 460 31
198 460 -71
420 460 -68
438 460 9
142 198 -2
263 198 -94
212 417 -19
286 417 62
311 417 20
392 417 -74
34 329 20
320 329 57
328 329 -35
3 428 -31
55 428 -45
62 428 -54
265 428 -65
463 428 -64
43 62 -80
142 62 34
227 62 -99
470 62 -66
473 62 -9
0 91 -6
116 91 -39
497 91 71
38 235 -77
45 235 -40
244 235 36
267 235 -93
468 235 -55
45 382 31
327 382 -76
59 43 -31
77 43 -93
148 43 -56
276 43 25
386 43 46
474 43 -70
76 77 -48
321 77 27
458 77 -95
189 72 -9
396 72 -89
48 349 -42
60 349 18
89 349 -13
214 349 54
298 349 -99
69 48 -34
115 48 0
184 48 -20
244 48 -9
493 48 -7
357 73 -63
449 73 -61
148 180 -52
242 180 -3
108 331 59
236 331 10
379 331 -6
496 331 50
40 414 64
151 414 -100
318 414 -53
328 414 4
61 318 -17
124 318 -75
227 318 -69
303 318 42
323 318 -99
351 318 -58
82 124 -3
257 124 69
80 463 14
199 463 -40
431 463 -75
313 68 -62
470 68 -6
475 68 35
97 35 10
149 35 -82
299 35 -63
386 35 -47
391 35 51
399 35 -74
37 319 32
98 319 30
162 319 -30
252 319 -27
291 319 20
376 319 23
419 319 -2
433 319 -71
193 252 7
210 252 -50
253 252 -66
156 210 -72
267 210 -8
341 210 73
485 210 -29
5 69 -40
217 69 71
353 69 -100
479 69 33
284 5 -81
377 5 -54
425 5 -59
126 284 -100
149 284 67
205 284 1
241 284 -40
282 284 31
315 284 -1
447 284 -96
140 80 1
226 80 -89
383 80 -86
330 226 -93
126 158 -84
134 158 -39
489 158 -46
102 484 -60
225 484 -32
238 484 -89
412 484 99
29 489 63
133 489 -21
152 489 -79
219 489 -83
420 489 -3
168 118 82
311 118 -86
418 118 -42
137 224 -33
341 224 -51
222 462 -72
254 462 -83
379 462 13
70 6 -96
372 6 92
56 70 -46
188 70 7
356 70 -33
184 141 91
483 141 -79
33 498 45
222 498 -69
427 498 -59
53 137 40
149 137 -57
433 137 -8
132 8 -3
193 8 17
293 8 -52
379 8 88
493 8 34
254 470 8
310 470 -21
317 470 55
151 465 8
324 465 -66
495 465 -29
442 447 -33
33 29 -73
313 29 -60
46 358 85
188 358 -88
200 358 46
366 358 -85
429 358 -93
82 188 -56
63 237 -67
94 237 11
200 237 -96
309 237 98
357 237 -100
34 367 13
40 367 -13
344 367 -41
311 144 -84
398 144 55
407 144 -89
479 144 -77
419 4 -74
471 4 -74
104 419 -25
261 419 -92
272 419 61
300 419 -93
311 419 -54
334 419 29
357 419 61
81 300 -51
85 300 -32
20 344 -69
122 344 -44
136 344 29
359 344 -61
407 344 35
439 344 -43
59 477 -96
112 477 -14
143 477 79
270 477 43
277 477 -30
440 477 76
476 477 -92
213 59 -95
76 20 -35
274 20 14
306 20 -51
0 494 -73
45 494 42
93 494 -69
126 494 58
320 494 9
394 494 -39
433 494 -55
291 261 91
410 261 -95
431 261 36
480 261 20
260 381 -15
397 381 -37
407 381 -34
61 122 -26
251 122 -62
200 397 5
263 397 -63
270 397 72
294 397 -76
50 482 -99
182 482 -20
357 482 2
433 142 21
464 142 -17
81 311 -41
398 311 60
452 311 -74
117 260 31
267 260 48
276 260 -93
374 260 53
357 102 -11
440 102 -88
3 407 56
96 407 35
452 407 -68
54 155 18
56 155 4
115 155 -42
159 155 -78
359 155 72
456 155 62
160 159 -41
343 159 -85
27 393 9
281 393 -17
315 393 -59
376 393 -69
478 393 -26
306 315 -28
493 315 -79
54 493 -1
191 493 -83
379 493 -23
436 418 -48
274 105 64
427 105 -99
95 71 1
108 71 45
120 71 -54
130 71 -52
294 71 -62
350 71 23
60 161 -31
200 161 -56
478 161 -26
116 157 3
294 157 -34
445 157 26
213 431 -21
236 431 -62
312 431 -24
207 440 73
296 440 -93
312 440 -93
82 363 27
192 363 -81
232 363 -100
294 363 25
345 363 -14
379 363 -96
50 192 -48
383 192 -50
387 192 -35
160 384 -79
187 384 -32
189 384 -58
305 384 -72
218 383 -8
222 383 -66
339 383 -53
405 383 -71
182 50 -79
323 50 2
374 50 -15
201 479 -36
316 479 -91
339 479 32
476 479 33
98 63 -26
28 420 57
148 420 17
254 420 -85
272 420 -99
356 420 18
492 420 -79
27 254 43
176 254 -98
228 254 -98
242 254 -31
293 254 33
488 254 51
49 266 35
286 266 -39
496 266 -40
242 228 73
343 228 96
371 228 -74
135 371 6
286 371 -2
139 376 10
244 376 5
263 376 -70
429 376 -22
2 438 -30
45 438 -85
236 258 -84
81 403 27
219 403 -61
32 316 58
45 316 -67
82 316 -91
219 316 -45
298 316 -28
108 379 56
143 379 -1
312 379 -98
218 312 46
290 312 -27
394 312 -69
399 312 -50
148 56 53
259 56 -87
483 56 37
40 208 -76
61 208 -69
148 208 43
160 208 24
366 208 -1
25 61 -52
199 61 -62
25 40 -17
27 40 -76
129 415 5
139 415 -43
327 415 97
345 117 -99
3 187 -8
232 187 -69
36 162 -82
253 162 -25
193 223 -5
332 223 4
444 223 -50
143 444 -53
108 186 -24
218 186 -61
286 186 -40
200 277 -85
236 277 -17
313 277 80
390 200 -53
230 338 12
488 338 -24
219 12 -99
313 12 10
483 12 -40
104 219 86
167 219 -98
303 219 -70
336 219 -72
394 219 90
132 474 -97
357 474 -97
487 474 -59
309 132 -68
327 132 -41
343 132 -85
170 473 82
326 473 -89
328 473 27
23 265 -24
57 214 -13
354 214 54
467 214 -86
232 22 60
467 22 -96
3 41 -44
19 41 -12
53 41 18
156 41 -90
238 41 80
257 41 -39
341 41 -23
156 309 9
351 309 -68
25 391 11
339 391 -32
392 391 -79
467 391 95
492 391 -70
82 392 -70
241 392 -46
221 345 28
290 345 -9
480 345 -57
369 75 -35
466 75 -38
0 206 -16
45 206 -41
140 206 37
396 206 62
485 206 -65
476 427 -5
366 218 -21
3 109 53
81 109 20
126 109 -91
303 109 -56
497 109 -1
372 336 -37
378 336 85
55 37 -99
34 453 52
296 389 16
115 495 -44
298 495 -47
123 366 -68
497 366 63
36 239 -23
390 239 -100
483 239 -87
496 390 -70
354 244 17
88 354 48
227 354 -45
496 354 -28
396 496 -11
492 496 -37
337 372 -50
374 372 -9
468 372 -18
232 487 -13
184 2 -61
327 2 -57
291 334 -65
294 334 -99
19 451 5
28 451 -2
274 451 -50
299 451 -7
313 451 -60
291 313 -42
96 60 -93
163 60 6
3 488 -25
64 298 34
455 298 -83
1 356 -17
320 356 94
434 356 -81
481 458 -72
326 483 -4
353 483 -90
377 483 -59
461 23 -93
16 461 -55
143 461 -74
74 233 -34
291 126 -44
184 194 -1
282 194 -82
410 194 -44
429 194 39
209 377 1
394 377 0
357 399 -87
123 425 7
217 296 1
281 296 -36
120 135 -8
324 120 -44
434 120 -13
449 120 -76
93 163 -24
293 163 -31
351 282 -91
225 303 -16
472 303 10
466 476 -12
110 45 -16
222 45 -32
230 225 -59
170 204 -38
398 55 -52
111 398 -96
337 398 -31
74 339 -28
242 339 -14
445 111 -67
74 445 -35
76 445 -68
152 445 16
251 445 96
276 445 -25
378 230 -45
410 140 -56
152 357 -97
242 357 -50
478 405 -63
115 1 -23
88 353 -11
466 327 -47
238 326 -41
236 442 -74
257 442 -38
28 328 -11
199 328 -68
74 81 -43
103 81 -45
497 81 -79
25 497 -44
191 217 -80
212 217 -22
240 66 -57
492 66 -54
193 240 -69
276 201 -30
209 380 58
