-11183      
3 45 88
15 45 -59
30 45 -58
37 45 -99
62 45 -80
72 45 20
84 45 -88
4 69 -21
20 69 -57
23 69 -12
40 69 -56
72 69 -91
75 69 -80
84 69 25
85 69 -91
95 69 -25
4 1 -34
6 1 -77
14 1 -56
16 1 -93
74 1 57
77 1 39
87 1 -100
13 55 24
17 55 -45
19 55 -26
20 55 -74
27 55 -85
30 55 -35
34 55 37
46 55 100
66 55 -6
76 55 -67
86 55 41
88 55 -82
92 55 -59
94 55 -37
3 41 73
21 41 0
40 41 -93
57 41 -75
67 41 12
78 41 -19
84 41 -93
90 41 34
15 72 -75
21 72 -91
23 72 -27
25 72 -2
33 72 -25
35 72 -23
36 72 -49
42 72 -91
50 72 1
63 72 43
64 72 19
73 72 16
83 72 -68
2 97 51
14 97 -83
16 97 -69
21 97 83
34 97 38
51 97 -62
52 97 -50
53 97 22
54 97 -55
57 97 -96
80 97 -22
82 97 -87
88 97 -74
98 97 98
4 14 -67
6 14 -43
15 14 -37
35 14 -29
47 14 63
48 14 -96
53 14 -45
66 14 -100
84 14 68
95 14 -38
3 66 -92
4 66 -52
11 66 -25
39 66 77
46 66 -51
48 66 51
50 66 -92
61 66 -53
63 66 -68
67 66 -53
76 66 -41
80 66 -75
3 8 -83
5 8 61
27 8 55
35 8 11
39 8 -2
46 8 -16
53 8 -38
59 8 -55
70 8 -88
81 8 19
85 8 -56
25 86 21
34 86 -29
42 86 57
52 86 -62
60 86 -70
63 86 31
76 86 -80
85 86 -87
12 22 7
35 22 -96
40 22 28
52 22 -53
54 22 -28
56 22 -22
78 22 -61
82 22 67
89 22 40
90 22 -78
95 22 -51
3 77 36
6 77 -87
9 77 -59
34 77 -98
70 77 -60
75 77 45
79 77 53
84 77 96
12 71 -52
25 71 52
49 71 44
61 71 -74
62 71 40
79 71 -62
15 30 63
16 30 -94
32 30 -55
36 30 -23
38 30 -26
49 30 35
61 30 -67
65 30 -30
79 30 -57
90 30 74
2 95 -41
17 95 -25
18 95 -83
23 95 7
56 95 -57
62 95 -61
64 95 22
75 95 -43
92 95 4
3 56 -46
4 56 64
6 56 -60
12 56 2
17 56 -24
21 56 -37
23 56 -84
32 56 2
47 56 -39
74 56 -38
6 52 -84
7 52 86
53 52 -86
57 52 -3
62 52 -41
68 52 -71
91 52 -13
3 65 -25
7 65 -70
26 65 35
43 65 -97
53 65 -70
81 65 -46
7 28 -19
17 28 -52
18 28 -17
49 28 48
58 28 44
59 28 -70
67 28 78
78 28 73
12 24 2
15 24 32
18 24 -33
49 24 -92
59 24 -55
62 24 -73
75 24 -4
90 24 80
93 24 -83
94 24 -79
98 24 -30
0 27 -23
2 27 -49
20 27 -79
32 27 -70
37 27 -21
82 27 55
99 27 -99
0 12 -50
2 12 99
10 12 -89
19 12 38
31 12 -77
42 12 64
43 12 -87
46 12 -52
59 12 -1
89 12 6
93 12 44
16 25 -33
19 25 45
21 25 2
23 25 -84
61 25 -75
73 25 -93
79 25 -9
96 25 25
98 25 20
0 63 -54
39 63 -44
50 63 44
60 63 -77
76 63 -60
83 63 17
88 63 -16
89 63 43
93 63 -73
7 4 31
40 4 -56
67 4 15
68 4 93
89 4 -80
93 4 -81
46 3 35
79 3 -46
84 3 100
85 3 -59
91 3 -99
93 3 -89
99 3 61
5 31 -54
83 31 -79
87 31 -43
26 23 -97
34 23 -24
46 23 -6
50 23 52
58 23 8
59 23 -33
62 23 62
68 23 -72
85 23 -96
90 23 -48
36 6 3
40 6 51
49 6 -84
50 6 -63
51 6 -96
58 6 -40
61 6 14
75 6 24
78 6 -79
90 6 -51
2 49 -79
43 49 -25
60 49 26
61 49 -97
67 49 -86
83 49 95
19 81 5
58 81 16
87 81 -80
92 81 -25
99 81 -64
20 32 75
21 32 -75
74 32 -23
89 32 30
90 32 -92
43 67 -54
64 67 56
78 67 -56
99 67 -61
46 74 -47
57 74 -33
83 74 16
94 74 -94
37 44 -14
75 44 -88
98 44 2
11 39 86
16 39 -90
17 39 -4
26 39 86
33 39 39
62 39 -98
83 39 -47
94 39 -74
10 94 11
17 94 65
18 94 -35
40 94 -24
59 94 -6
98 94 -84
11 93 -21
15 93 54
35 93 -20
47 93 -74
53 93 -70
57 93 15
58 93 -3
60 93 53
61 93 -36
64 93 63
68 93 -70
85 93 40
98 93 -45
20 82 -93
47 82 -57
53 82 11
98 82 58
13 76 -12
34 76 73
40 76 -88
48 76 14
50 76 -85
54 76 28
59 76 -38
91 76 -64
0 83 -89
18 83 -53
36 83 -61
50 83 -98
61 83 41
70 83 17
89 83 51
2 18 -4
35 18 22
36 18 -79
48 18 -53
54 18 -26
47 78 -100
84 78 32
88 78 -88
96 78 -74
10 90 -77
29 90 46
48 90 -40
54 90 56
2 42 -66
20 42 98
26 42 52
62 42 59
64 42 -74
96 42 -80
9 5 -68
20 5 72
47 5 -33
59 5 3
73 5 58
19 7 -63
34 7 -29
43 7 -26
62 7 50
68 7 -42
70 7 -91
10 99 -25
16 99 4
29 99 -66
92 99 26
2 88 32
10 88 -73
47 88 -75
48 88 80
54 88 -97
59 88 67
87 88 -96
96 88 -98
19 47 -51
20 47 3
21 47 -78
43 47 -32
51 47 53
59 47 -35
62 47 -32
15 51 -14
16 51 -98
21 51 18
40 51 30
79 51 -84
0 16 -19
9 16 -74
26 16 -93
87 16 86
29 26 -42
40 26 3
50 26 -44
79 26 -86
21 68 62
34 68 -73
53 68 -32
59 68 16
61 68 90
80 68 -84
21 10 73
48 10 -33
58 10 -74
92 10 25
15 53 -52
48 53 -74
50 70 -76
2 60 -47
29 60 -66
34 60 -79
50 60 -66
62 60 60
35 57 -15
85 57 -94
20 85 -46
38 85 -59
15 29 43
54 29 -38
2 64 7
13 64 14
20 64 -34
35 64 -67
40 64 10
73 64 -6
33 35 -22
46 35 -20
50 35 -31
0 20 -12
15 20 -87
38 20 6
59 20 -78
62 20 90
50 46 -61
79 46 20
96 46 -84
58 96 -2
61 96 11
2 15 5
48 15 -30
50 15 19
37 0 48
98 0 -98
13 19 -21
84 75 -53
13 50 -34
58 50 7
84 50 -81
21 34 36
2 80 -80
40 80 37
48 2 22
58 2 -38
92 2 -40
54 98 -11
84 98 -31
